<?xml version="1.0" encoding="UTF-8"?>
<!-- Generated by org.testng.reporters.JUnitXMLReporter -->
<testsuite ignored="0" hostname="DESKTOP-NF8SMKI" failures="0" tests="1" name="Default test(failed)" time="0.46" errors="0" timestamp="2025-08-07T21:26:01 IST">
  <testcase classname="Master.MasterClass" name="@BeforeClass invokebrowser" time="-1.754582161045E9">
    <failure type="org.testng.TestNGException" message="
Parameter &amp;apos;bname&amp;apos; is required by BeforeClass on method invokebrowser but has not been marked @Optional or defined
in F:\E COM AUTOMATION\Deposyt_Ecom\Deposyt_Ecom\test-output\testng-failed.xml">
      <![CDATA[org.testng.TestNGException: 
Parameter 'bname' is required by BeforeClass on method invokebrowser but has not been marked @Optional or defined
in F:\E COM AUTOMATION\Deposyt_Ecom\Deposyt_Ecom\test-output\testng-failed.xml
at java.base/java.util.ArrayList.forEach(ArrayList.java:1597)
... Removed 22 stack frames]]>
    </failure>
  </testcase> <!-- @BeforeClass invokebrowser -->
  <testcase classname="DailyTesting.Nine11" name="Products" time="0.001">
    <skipped/>
  </testcase> <!-- Products -->
</testsuite> <!-- Default test(failed) -->
